2018-09-02 18:48:45.702  INFO 112644 --- [main] c.j.demoboot.DemobootApplicationTests    : Starting DemobootApplicationTests on DESKTOP-429TKN1 with PID 112644 (started by 24569 in C:\gongzuofile\demoboot)
2018-09-02 18:48:45.704  INFO 112644 --- [main] c.j.demoboot.DemobootApplicationTests    : No active profile set, falling back to default profiles: default
2018-09-02 18:48:47.762  INFO 112644 --- [main] c.j.demoboot.DemobootApplicationTests    : Started DemobootApplicationTests in 2.464 seconds (JVM running for 3.324)
2018-09-02 18:48:47.862  INFO 112644 --- [main] com.zaxxer.hikari.HikariDataSource       : HikariPool-1 - Starting...
2018-09-02 18:48:48.008  INFO 112644 --- [main] com.zaxxer.hikari.HikariDataSource       : HikariPool-1 - Start completed.
2018-09-02 18:48:48.050  INFO 112644 --- [main] c.j.demoboot.DemobootApplicationTests    : 使用日志输出为：EngineerMapper{createAt=1530937800000, updateAt=1533616200000, engineerId=1, engineerImg='img/other/Iverson1.gif', engineerType='java示例', engineerIntro='后端', engineerSill='无', engineerDegree='3', engineerGrowth='5', engineerScarcity='34500', engineerSalaryOne=8, engineerSalaryThree=15, engineerSalaryFive=30, engineerProceed=268, engineerTip='需要基础语法'}
2018-09-02 18:48:48.051  WARN 112644 --- [main] c.j.demoboot.DemobootApplicationTests    : 使用日志输出为：EngineerMapper{createAt=1530937800000, updateAt=1533616200000, engineerId=1, engineerImg='img/other/Iverson1.gif', engineerType='java示例', engineerIntro='后端', engineerSill='无', engineerDegree='3', engineerGrowth='5', engineerScarcity='34500', engineerSalaryOne=8, engineerSalaryThree=15, engineerSalaryFive=30, engineerProceed=268, engineerTip='需要基础语法'}
2018-09-02 18:48:48.051 ERROR 112644 --- [main] c.j.demoboot.DemobootApplicationTests    : 使用日志输出为：EngineerMapper{createAt=1530937800000, updateAt=1533616200000, engineerId=1, engineerImg='img/other/Iverson1.gif', engineerType='java示例', engineerIntro='后端', engineerSill='无', engineerDegree='3', engineerGrowth='5', engineerScarcity='34500', engineerSalaryOne=8, engineerSalaryThree=15, engineerSalaryFive=30, engineerProceed=268, engineerTip='需要基础语法'}
2018-09-02 18:48:48.059  INFO 112644 --- [Thread-2] com.zaxxer.hikari.HikariDataSource       : HikariPool-1 - Shutdown initiated...
2018-09-02 18:48:48.061  INFO 112644 --- [Thread-2] com.zaxxer.hikari.HikariDataSource       : HikariPool-1 - Shutdown completed.
2018-09-02 18:56:19.769  INFO 63380 --- [main] c.j.demoboot.DemobootApplicationTests    : Starting DemobootApplicationTests on DESKTOP-429TKN1 with PID 63380 (started by 24569 in C:\gongzuofile\demoboot)
2018-09-02 18:56:19.771  INFO 63380 --- [main] c.j.demoboot.DemobootApplicationTests    : No active profile set, falling back to default profiles: default
2018-09-02 18:56:21.963  INFO 63380 --- [main] c.j.demoboot.DemobootApplicationTests    : Started DemobootApplicationTests in 2.77 seconds (JVM running for 3.668)
2018-09-02 18:56:22.076  INFO 63380 --- [main] com.zaxxer.hikari.HikariDataSource       : HikariPool-1 - Starting...
2018-09-02 18:56:22.214  INFO 63380 --- [main] com.zaxxer.hikari.HikariDataSource       : HikariPool-1 - Start completed.
2018-09-02 18:56:22.251  INFO 63380 --- [main] c.j.demoboot.DemobootApplicationTests    : 使用日志输出为：EngineerMapper{createAt=1530937800000, updateAt=1533616200000, engineerId=1, engineerImg='img/other/Iverson1.gif', engineerType='java示例', engineerIntro='后端', engineerSill='无', engineerDegree='3', engineerGrowth='5', engineerScarcity='34500', engineerSalaryOne=8, engineerSalaryThree=15, engineerSalaryFive=30, engineerProceed=268, engineerTip='需要基础语法'}
2018-09-02 18:56:22.251  WARN 63380 --- [main] c.j.demoboot.DemobootApplicationTests    : 使用日志输出为：EngineerMapper{createAt=1530937800000, updateAt=1533616200000, engineerId=1, engineerImg='img/other/Iverson1.gif', engineerType='java示例', engineerIntro='后端', engineerSill='无', engineerDegree='3', engineerGrowth='5', engineerScarcity='34500', engineerSalaryOne=8, engineerSalaryThree=15, engineerSalaryFive=30, engineerProceed=268, engineerTip='需要基础语法'}
2018-09-02 18:56:22.251 ERROR 63380 --- [main] c.j.demoboot.DemobootApplicationTests    : 使用日志输出为：EngineerMapper{createAt=1530937800000, updateAt=1533616200000, engineerId=1, engineerImg='img/other/Iverson1.gif', engineerType='java示例', engineerIntro='后端', engineerSill='无', engineerDegree='3', engineerGrowth='5', engineerScarcity='34500', engineerSalaryOne=8, engineerSalaryThree=15, engineerSalaryFive=30, engineerProceed=268, engineerTip='需要基础语法'}
2018-09-02 18:56:22.260  INFO 63380 --- [Thread-2] com.zaxxer.hikari.HikariDataSource       : HikariPool-1 - Shutdown initiated...
2018-09-02 18:56:22.262  INFO 63380 --- [Thread-2] com.zaxxer.hikari.HikariDataSource       : HikariPool-1 - Shutdown completed.
